::1 - - [14/Jun/2016:04:59:54 +0000] "GET / HTTP/1.1" 200 769 "-" "Mozilla/5.0 (Macintosh; Intel Mac OS X 10_11_5) AppleWebKit/537.36 (KHTML, like Gecko) Chrome/51.0.2704.84 Safari/537.36"
::1 - - [14/Jun/2016:04:59:54 +0000] "GET /stylesheets/style.css HTTP/1.1" 200 111 "http://localhost:4001/" "Mozilla/5.0 (Macintosh; Intel Mac OS X 10_11_5) AppleWebKit/537.36 (KHTML, like Gecko) Chrome/51.0.2704.84 Safari/537.36"
::1 - - [14/Jun/2016:04:59:54 +0000] "GET /javascripts/bootstrap.min.js HTTP/1.1" 200 28631 "http://localhost:4001/" "Mozilla/5.0 (Macintosh; Intel Mac OS X 10_11_5) AppleWebKit/537.36 (KHTML, like Gecko) Chrome/51.0.2704.84 Safari/537.36"
::1 - - [14/Jun/2016:04:59:54 +0000] "GET /stylesheets/bootstrap.css HTTP/1.1" 200 127343 "http://localhost:4001/" "Mozilla/5.0 (Macintosh; Intel Mac OS X 10_11_5) AppleWebKit/537.36 (KHTML, like Gecko) Chrome/51.0.2704.84 Safari/537.36"
::1 - - [14/Jun/2016:04:59:54 +0000] "GET /javascripts/jquery-2.1.4.js HTTP/1.1" 200 247597 "http://localhost:4001/" "Mozilla/5.0 (Macintosh; Intel Mac OS X 10_11_5) AppleWebKit/537.36 (KHTML, like Gecko) Chrome/51.0.2704.84 Safari/537.36"
::1 - - [14/Jun/2016:04:59:54 +0000] "GET /favicon.ico HTTP/1.1" 200 1610 "http://localhost:4001/" "Mozilla/5.0 (Macintosh; Intel Mac OS X 10_11_5) AppleWebKit/537.36 (KHTML, like Gecko) Chrome/51.0.2704.84 Safari/537.36"
::1 - - [14/Jun/2016:04:59:56 +0000] "GET /stylesheets/style.css HTTP/1.1" 304 - "http://localhost:4001/" "Mozilla/5.0 (Macintosh; Intel Mac OS X 10_11_5) AppleWebKit/537.36 (KHTML, like Gecko) Chrome/51.0.2704.84 Safari/537.36"
::1 - - [14/Jun/2016:04:59:56 +0000] "GET /stylesheets/bootstrap.css HTTP/1.1" 304 - "http://localhost:4001/" "Mozilla/5.0 (Macintosh; Intel Mac OS X 10_11_5) AppleWebKit/537.36 (KHTML, like Gecko) Chrome/51.0.2704.84 Safari/537.36"
::1 - - [14/Jun/2016:04:59:57 +0000] "GET / HTTP/1.1" 200 769 "-" "Mozilla/5.0 (iPhone; CPU iPhone OS 9_1 like Mac OS X) AppleWebKit/601.1.46 (KHTML, like Gecko) Version/9.0 Mobile/13B143 Safari/601.1"
::1 - - [14/Jun/2016:04:59:57 +0000] "GET /stylesheets/style.css HTTP/1.1" 200 111 "http://localhost:4001/" "Mozilla/5.0 (iPhone; CPU iPhone OS 9_1 like Mac OS X) AppleWebKit/601.1.46 (KHTML, like Gecko) Version/9.0 Mobile/13B143 Safari/601.1"
::1 - - [14/Jun/2016:04:59:57 +0000] "GET /javascripts/bootstrap.min.js HTTP/1.1" 200 28631 "http://localhost:4001/" "Mozilla/5.0 (iPhone; CPU iPhone OS 9_1 like Mac OS X) AppleWebKit/601.1.46 (KHTML, like Gecko) Version/9.0 Mobile/13B143 Safari/601.1"
::1 - - [14/Jun/2016:04:59:57 +0000] "GET /stylesheets/bootstrap.css HTTP/1.1" 200 127343 "http://localhost:4001/" "Mozilla/5.0 (iPhone; CPU iPhone OS 9_1 like Mac OS X) AppleWebKit/601.1.46 (KHTML, like Gecko) Version/9.0 Mobile/13B143 Safari/601.1"
::1 - - [14/Jun/2016:04:59:57 +0000] "GET /javascripts/jquery-2.1.4.js HTTP/1.1" 200 247597 "http://localhost:4001/" "Mozilla/5.0 (iPhone; CPU iPhone OS 9_1 like Mac OS X) AppleWebKit/601.1.46 (KHTML, like Gecko) Version/9.0 Mobile/13B143 Safari/601.1"
::1 - - [14/Jun/2016:05:00:29 +0000] "GET / HTTP/1.1" 200 703 "-" "Mozilla/5.0 (Macintosh; Intel Mac OS X 10_11_5) AppleWebKit/537.36 (KHTML, like Gecko) Chrome/51.0.2704.84 Safari/537.36"
::1 - - [14/Jun/2016:05:00:29 +0000] "GET /stylesheets/style.css HTTP/1.1" 304 - "http://localhost:4001/" "Mozilla/5.0 (Macintosh; Intel Mac OS X 10_11_5) AppleWebKit/537.36 (KHTML, like Gecko) Chrome/51.0.2704.84 Safari/537.36"
::1 - - [14/Jun/2016:05:00:29 +0000] "GET /stylesheets/bootstrap.css HTTP/1.1" 304 - "http://localhost:4001/" "Mozilla/5.0 (Macintosh; Intel Mac OS X 10_11_5) AppleWebKit/537.36 (KHTML, like Gecko) Chrome/51.0.2704.84 Safari/537.36"
::1 - - [14/Jun/2016:05:00:29 +0000] "GET /javascripts/jquery-2.1.4.js HTTP/1.1" 304 - "http://localhost:4001/" "Mozilla/5.0 (Macintosh; Intel Mac OS X 10_11_5) AppleWebKit/537.36 (KHTML, like Gecko) Chrome/51.0.2704.84 Safari/537.36"
::1 - - [14/Jun/2016:05:00:29 +0000] "GET /javascripts/bootstrap.min.js HTTP/1.1" 304 - "http://localhost:4001/" "Mozilla/5.0 (Macintosh; Intel Mac OS X 10_11_5) AppleWebKit/537.36 (KHTML, like Gecko) Chrome/51.0.2704.84 Safari/537.36"
::1 - - [14/Jun/2016:05:00:29 +0000] "GET /favicon.ico HTTP/1.1" 200 1610 "http://localhost:4001/" "Mozilla/5.0 (Macintosh; Intel Mac OS X 10_11_5) AppleWebKit/537.36 (KHTML, like Gecko) Chrome/51.0.2704.84 Safari/537.36"
::1 - - [14/Jun/2016:05:00:35 +0000] "GET / HTTP/1.1" 200 699 "-" "Mozilla/5.0 (Macintosh; Intel Mac OS X 10_11_5) AppleWebKit/537.36 (KHTML, like Gecko) Chrome/51.0.2704.84 Safari/537.36"
::1 - - [14/Jun/2016:05:00:35 +0000] "GET /stylesheets/style.css HTTP/1.1" 304 - "http://localhost:4001/" "Mozilla/5.0 (Macintosh; Intel Mac OS X 10_11_5) AppleWebKit/537.36 (KHTML, like Gecko) Chrome/51.0.2704.84 Safari/537.36"
::1 - - [14/Jun/2016:05:00:35 +0000] "GET /stylesheets/bootstrap.css HTTP/1.1" 304 - "http://localhost:4001/" "Mozilla/5.0 (Macintosh; Intel Mac OS X 10_11_5) AppleWebKit/537.36 (KHTML, like Gecko) Chrome/51.0.2704.84 Safari/537.36"
::1 - - [14/Jun/2016:05:00:35 +0000] "GET /javascripts/jquery-2.1.4.js HTTP/1.1" 304 - "http://localhost:4001/" "Mozilla/5.0 (Macintosh; Intel Mac OS X 10_11_5) AppleWebKit/537.36 (KHTML, like Gecko) Chrome/51.0.2704.84 Safari/537.36"
::1 - - [14/Jun/2016:05:00:35 +0000] "GET /javascripts/bootstrap.min.js HTTP/1.1" 304 - "http://localhost:4001/" "Mozilla/5.0 (Macintosh; Intel Mac OS X 10_11_5) AppleWebKit/537.36 (KHTML, like Gecko) Chrome/51.0.2704.84 Safari/537.36"
::1 - - [14/Jun/2016:05:00:35 +0000] "GET /favicon.ico HTTP/1.1" 200 1610 "http://localhost:4001/" "Mozilla/5.0 (Macintosh; Intel Mac OS X 10_11_5) AppleWebKit/537.36 (KHTML, like Gecko) Chrome/51.0.2704.84 Safari/537.36"
::1 - - [14/Jun/2016:05:00:52 +0000] "GET / HTTP/1.1" 200 635 "-" "Mozilla/5.0 (Macintosh; Intel Mac OS X 10_11_5) AppleWebKit/537.36 (KHTML, like Gecko) Chrome/51.0.2704.84 Safari/537.36"
::1 - - [14/Jun/2016:05:00:52 +0000] "GET /stylesheets/style.css HTTP/1.1" 304 - "http://localhost:4001/" "Mozilla/5.0 (Macintosh; Intel Mac OS X 10_11_5) AppleWebKit/537.36 (KHTML, like Gecko) Chrome/51.0.2704.84 Safari/537.36"
::1 - - [14/Jun/2016:05:00:52 +0000] "GET /stylesheets/bootstrap.css HTTP/1.1" 304 - "http://localhost:4001/" "Mozilla/5.0 (Macintosh; Intel Mac OS X 10_11_5) AppleWebKit/537.36 (KHTML, like Gecko) Chrome/51.0.2704.84 Safari/537.36"
::1 - - [14/Jun/2016:05:00:52 +0000] "GET /javascripts/jquery-2.1.4.js HTTP/1.1" 304 - "http://localhost:4001/" "Mozilla/5.0 (Macintosh; Intel Mac OS X 10_11_5) AppleWebKit/537.36 (KHTML, like Gecko) Chrome/51.0.2704.84 Safari/537.36"
::1 - - [14/Jun/2016:05:00:52 +0000] "GET /javascripts/bootstrap.min.js HTTP/1.1" 304 - "http://localhost:4001/" "Mozilla/5.0 (Macintosh; Intel Mac OS X 10_11_5) AppleWebKit/537.36 (KHTML, like Gecko) Chrome/51.0.2704.84 Safari/537.36"
::1 - - [14/Jun/2016:05:00:52 +0000] "GET /favicon.ico HTTP/1.1" 200 1610 "http://localhost:4001/" "Mozilla/5.0 (Macintosh; Intel Mac OS X 10_11_5) AppleWebKit/537.36 (KHTML, like Gecko) Chrome/51.0.2704.84 Safari/537.36"
::1 - - [14/Jun/2016:05:01:06 +0000] "GET / HTTP/1.1" 200 636 "-" "Mozilla/5.0 (Macintosh; Intel Mac OS X 10_11_5) AppleWebKit/537.36 (KHTML, like Gecko) Chrome/51.0.2704.84 Safari/537.36"
::1 - - [14/Jun/2016:05:01:06 +0000] "GET /stylesheets/style.css HTTP/1.1" 304 - "http://localhost:4001/" "Mozilla/5.0 (Macintosh; Intel Mac OS X 10_11_5) AppleWebKit/537.36 (KHTML, like Gecko) Chrome/51.0.2704.84 Safari/537.36"
::1 - - [14/Jun/2016:05:01:06 +0000] "GET /stylesheets/bootstrap.css HTTP/1.1" 304 - "http://localhost:4001/" "Mozilla/5.0 (Macintosh; Intel Mac OS X 10_11_5) AppleWebKit/537.36 (KHTML, like Gecko) Chrome/51.0.2704.84 Safari/537.36"
::1 - - [14/Jun/2016:05:01:06 +0000] "GET /javascripts/jquery-2.1.4.js HTTP/1.1" 304 - "http://localhost:4001/" "Mozilla/5.0 (Macintosh; Intel Mac OS X 10_11_5) AppleWebKit/537.36 (KHTML, like Gecko) Chrome/51.0.2704.84 Safari/537.36"
::1 - - [14/Jun/2016:05:01:06 +0000] "GET /javascripts/bootstrap.min.js HTTP/1.1" 304 - "http://localhost:4001/" "Mozilla/5.0 (Macintosh; Intel Mac OS X 10_11_5) AppleWebKit/537.36 (KHTML, like Gecko) Chrome/51.0.2704.84 Safari/537.36"
::1 - - [14/Jun/2016:05:01:06 +0000] "GET /favicon.ico HTTP/1.1" 200 1610 "http://localhost:4001/" "Mozilla/5.0 (Macintosh; Intel Mac OS X 10_11_5) AppleWebKit/537.36 (KHTML, like Gecko) Chrome/51.0.2704.84 Safari/537.36"
::1 - - [14/Jun/2016:05:01:22 +0000] "GET / HTTP/1.1" 200 642 "-" "Mozilla/5.0 (Macintosh; Intel Mac OS X 10_11_5) AppleWebKit/537.36 (KHTML, like Gecko) Chrome/51.0.2704.84 Safari/537.36"
::1 - - [14/Jun/2016:05:01:22 +0000] "GET /stylesheets/style.css HTTP/1.1" 304 - "http://localhost:4001/" "Mozilla/5.0 (Macintosh; Intel Mac OS X 10_11_5) AppleWebKit/537.36 (KHTML, like Gecko) Chrome/51.0.2704.84 Safari/537.36"
::1 - - [14/Jun/2016:05:01:22 +0000] "GET /stylesheets/bootstrap.css HTTP/1.1" 304 - "http://localhost:4001/" "Mozilla/5.0 (Macintosh; Intel Mac OS X 10_11_5) AppleWebKit/537.36 (KHTML, like Gecko) Chrome/51.0.2704.84 Safari/537.36"
::1 - - [14/Jun/2016:05:01:22 +0000] "GET /javascripts/jquery-2.1.4.js HTTP/1.1" 304 - "http://localhost:4001/" "Mozilla/5.0 (Macintosh; Intel Mac OS X 10_11_5) AppleWebKit/537.36 (KHTML, like Gecko) Chrome/51.0.2704.84 Safari/537.36"
::1 - - [14/Jun/2016:05:01:22 +0000] "GET /javascripts/bootstrap.min.js HTTP/1.1" 304 - "http://localhost:4001/" "Mozilla/5.0 (Macintosh; Intel Mac OS X 10_11_5) AppleWebKit/537.36 (KHTML, like Gecko) Chrome/51.0.2704.84 Safari/537.36"
::1 - - [14/Jun/2016:05:01:22 +0000] "GET /favicon.ico HTTP/1.1" 200 1610 "http://localhost:4001/" "Mozilla/5.0 (Macintosh; Intel Mac OS X 10_11_5) AppleWebKit/537.36 (KHTML, like Gecko) Chrome/51.0.2704.84 Safari/537.36"
::1 - - [14/Jun/2016:05:02:29 +0000] "GET / HTTP/1.1" 200 647 "-" "Mozilla/5.0 (Macintosh; Intel Mac OS X 10_11_5) AppleWebKit/537.36 (KHTML, like Gecko) Chrome/51.0.2704.84 Safari/537.36"
::1 - - [14/Jun/2016:05:02:29 +0000] "GET /stylesheets/style.css HTTP/1.1" 304 - "http://localhost:4001/" "Mozilla/5.0 (Macintosh; Intel Mac OS X 10_11_5) AppleWebKit/537.36 (KHTML, like Gecko) Chrome/51.0.2704.84 Safari/537.36"
::1 - - [14/Jun/2016:05:02:29 +0000] "GET /stylesheets/bootstrap.css HTTP/1.1" 304 - "http://localhost:4001/" "Mozilla/5.0 (Macintosh; Intel Mac OS X 10_11_5) AppleWebKit/537.36 (KHTML, like Gecko) Chrome/51.0.2704.84 Safari/537.36"
::1 - - [14/Jun/2016:05:02:29 +0000] "GET /javascripts/jquery-2.1.4.js HTTP/1.1" 304 - "http://localhost:4001/" "Mozilla/5.0 (Macintosh; Intel Mac OS X 10_11_5) AppleWebKit/537.36 (KHTML, like Gecko) Chrome/51.0.2704.84 Safari/537.36"
::1 - - [14/Jun/2016:05:02:29 +0000] "GET /javascripts/bootstrap.min.js HTTP/1.1" 304 - "http://localhost:4001/" "Mozilla/5.0 (Macintosh; Intel Mac OS X 10_11_5) AppleWebKit/537.36 (KHTML, like Gecko) Chrome/51.0.2704.84 Safari/537.36"
::1 - - [14/Jun/2016:05:02:29 +0000] "GET /favicon.ico HTTP/1.1" 200 1610 "http://localhost:4001/" "Mozilla/5.0 (Macintosh; Intel Mac OS X 10_11_5) AppleWebKit/537.36 (KHTML, like Gecko) Chrome/51.0.2704.84 Safari/537.36"
::1 - - [14/Jun/2016:05:02:29 +0000] "GET / HTTP/1.1" 304 - "-" "Mozilla/5.0 (Macintosh; Intel Mac OS X 10_11_5) AppleWebKit/537.36 (KHTML, like Gecko) Chrome/51.0.2704.84 Safari/537.36"
::1 - - [14/Jun/2016:05:02:29 +0000] "GET /stylesheets/style.css HTTP/1.1" 304 - "http://localhost:4001/" "Mozilla/5.0 (Macintosh; Intel Mac OS X 10_11_5) AppleWebKit/537.36 (KHTML, like Gecko) Chrome/51.0.2704.84 Safari/537.36"
::1 - - [14/Jun/2016:05:02:29 +0000] "GET /stylesheets/bootstrap.css HTTP/1.1" 304 - "http://localhost:4001/" "Mozilla/5.0 (Macintosh; Intel Mac OS X 10_11_5) AppleWebKit/537.36 (KHTML, like Gecko) Chrome/51.0.2704.84 Safari/537.36"
::1 - - [14/Jun/2016:05:02:29 +0000] "GET /javascripts/jquery-2.1.4.js HTTP/1.1" 304 - "http://localhost:4001/" "Mozilla/5.0 (Macintosh; Intel Mac OS X 10_11_5) AppleWebKit/537.36 (KHTML, like Gecko) Chrome/51.0.2704.84 Safari/537.36"
::1 - - [14/Jun/2016:05:02:29 +0000] "GET /javascripts/bootstrap.min.js HTTP/1.1" 304 - "http://localhost:4001/" "Mozilla/5.0 (Macintosh; Intel Mac OS X 10_11_5) AppleWebKit/537.36 (KHTML, like Gecko) Chrome/51.0.2704.84 Safari/537.36"
::1 - - [14/Jun/2016:05:02:30 +0000] "GET /favicon.ico HTTP/1.1" 200 1610 "http://localhost:4001/" "Mozilla/5.0 (Macintosh; Intel Mac OS X 10_11_5) AppleWebKit/537.36 (KHTML, like Gecko) Chrome/51.0.2704.84 Safari/537.36"
::1 - - [14/Jun/2016:05:02:33 +0000] "GET / HTTP/1.1" 200 642 "-" "Mozilla/5.0 (Macintosh; Intel Mac OS X 10_11_5) AppleWebKit/537.36 (KHTML, like Gecko) Chrome/51.0.2704.84 Safari/537.36"
::1 - - [14/Jun/2016:05:02:33 +0000] "GET /stylesheets/style.css HTTP/1.1" 304 - "http://localhost:4001/" "Mozilla/5.0 (Macintosh; Intel Mac OS X 10_11_5) AppleWebKit/537.36 (KHTML, like Gecko) Chrome/51.0.2704.84 Safari/537.36"
::1 - - [14/Jun/2016:05:02:33 +0000] "GET /stylesheets/bootstrap.css HTTP/1.1" 304 - "http://localhost:4001/" "Mozilla/5.0 (Macintosh; Intel Mac OS X 10_11_5) AppleWebKit/537.36 (KHTML, like Gecko) Chrome/51.0.2704.84 Safari/537.36"
::1 - - [14/Jun/2016:05:02:33 +0000] "GET /javascripts/jquery-2.1.4.js HTTP/1.1" 304 - "http://localhost:4001/" "Mozilla/5.0 (Macintosh; Intel Mac OS X 10_11_5) AppleWebKit/537.36 (KHTML, like Gecko) Chrome/51.0.2704.84 Safari/537.36"
::1 - - [14/Jun/2016:05:02:33 +0000] "GET /javascripts/bootstrap.min.js HTTP/1.1" 304 - "http://localhost:4001/" "Mozilla/5.0 (Macintosh; Intel Mac OS X 10_11_5) AppleWebKit/537.36 (KHTML, like Gecko) Chrome/51.0.2704.84 Safari/537.36"
::1 - - [14/Jun/2016:05:02:34 +0000] "GET /favicon.ico HTTP/1.1" 200 1610 "http://localhost:4001/" "Mozilla/5.0 (Macintosh; Intel Mac OS X 10_11_5) AppleWebKit/537.36 (KHTML, like Gecko) Chrome/51.0.2704.84 Safari/537.36"
::1 - - [14/Jun/2016:05:03:09 +0000] "GET / HTTP/1.1" 200 646 "-" "Mozilla/5.0 (Macintosh; Intel Mac OS X 10_11_5) AppleWebKit/537.36 (KHTML, like Gecko) Chrome/51.0.2704.84 Safari/537.36"
::1 - - [14/Jun/2016:05:03:09 +0000] "GET /stylesheets/style.css HTTP/1.1" 304 - "http://localhost:4001/" "Mozilla/5.0 (Macintosh; Intel Mac OS X 10_11_5) AppleWebKit/537.36 (KHTML, like Gecko) Chrome/51.0.2704.84 Safari/537.36"
::1 - - [14/Jun/2016:05:03:09 +0000] "GET /stylesheets/bootstrap.css HTTP/1.1" 304 - "http://localhost:4001/" "Mozilla/5.0 (Macintosh; Intel Mac OS X 10_11_5) AppleWebKit/537.36 (KHTML, like Gecko) Chrome/51.0.2704.84 Safari/537.36"
::1 - - [14/Jun/2016:05:03:09 +0000] "GET /javascripts/jquery-2.1.4.js HTTP/1.1" 304 - "http://localhost:4001/" "Mozilla/5.0 (Macintosh; Intel Mac OS X 10_11_5) AppleWebKit/537.36 (KHTML, like Gecko) Chrome/51.0.2704.84 Safari/537.36"
::1 - - [14/Jun/2016:05:03:09 +0000] "GET /javascripts/bootstrap.min.js HTTP/1.1" 304 - "http://localhost:4001/" "Mozilla/5.0 (Macintosh; Intel Mac OS X 10_11_5) AppleWebKit/537.36 (KHTML, like Gecko) Chrome/51.0.2704.84 Safari/537.36"
::1 - - [14/Jun/2016:05:03:09 +0000] "GET /favicon.ico HTTP/1.1" 200 1610 "http://localhost:4001/" "Mozilla/5.0 (Macintosh; Intel Mac OS X 10_11_5) AppleWebKit/537.36 (KHTML, like Gecko) Chrome/51.0.2704.84 Safari/537.36"
::1 - - [14/Jun/2016:05:03:10 +0000] "GET / HTTP/1.1" 304 - "-" "Mozilla/5.0 (Macintosh; Intel Mac OS X 10_11_5) AppleWebKit/537.36 (KHTML, like Gecko) Chrome/51.0.2704.84 Safari/537.36"
::1 - - [14/Jun/2016:05:03:10 +0000] "GET /stylesheets/style.css HTTP/1.1" 304 - "http://localhost:4001/" "Mozilla/5.0 (Macintosh; Intel Mac OS X 10_11_5) AppleWebKit/537.36 (KHTML, like Gecko) Chrome/51.0.2704.84 Safari/537.36"
::1 - - [14/Jun/2016:05:03:10 +0000] "GET /stylesheets/bootstrap.css HTTP/1.1" 304 - "http://localhost:4001/" "Mozilla/5.0 (Macintosh; Intel Mac OS X 10_11_5) AppleWebKit/537.36 (KHTML, like Gecko) Chrome/51.0.2704.84 Safari/537.36"
::1 - - [14/Jun/2016:05:03:10 +0000] "GET /javascripts/jquery-2.1.4.js HTTP/1.1" 304 - "http://localhost:4001/" "Mozilla/5.0 (Macintosh; Intel Mac OS X 10_11_5) AppleWebKit/537.36 (KHTML, like Gecko) Chrome/51.0.2704.84 Safari/537.36"
::1 - - [14/Jun/2016:05:03:10 +0000] "GET /javascripts/bootstrap.min.js HTTP/1.1" 304 - "http://localhost:4001/" "Mozilla/5.0 (Macintosh; Intel Mac OS X 10_11_5) AppleWebKit/537.36 (KHTML, like Gecko) Chrome/51.0.2704.84 Safari/537.36"
::1 - - [14/Jun/2016:05:03:10 +0000] "GET /favicon.ico HTTP/1.1" 200 1610 "http://localhost:4001/" "Mozilla/5.0 (Macintosh; Intel Mac OS X 10_11_5) AppleWebKit/537.36 (KHTML, like Gecko) Chrome/51.0.2704.84 Safari/537.36"
::1 - - [14/Jun/2016:05:03:10 +0000] "GET / HTTP/1.1" 304 - "-" "Mozilla/5.0 (Macintosh; Intel Mac OS X 10_11_5) AppleWebKit/537.36 (KHTML, like Gecko) Chrome/51.0.2704.84 Safari/537.36"
::1 - - [14/Jun/2016:05:03:10 +0000] "GET /stylesheets/style.css HTTP/1.1" 304 - "http://localhost:4001/" "Mozilla/5.0 (Macintosh; Intel Mac OS X 10_11_5) AppleWebKit/537.36 (KHTML, like Gecko) Chrome/51.0.2704.84 Safari/537.36"
::1 - - [14/Jun/2016:05:03:10 +0000] "GET /stylesheets/bootstrap.css HTTP/1.1" 304 - "http://localhost:4001/" "Mozilla/5.0 (Macintosh; Intel Mac OS X 10_11_5) AppleWebKit/537.36 (KHTML, like Gecko) Chrome/51.0.2704.84 Safari/537.36"
::1 - - [14/Jun/2016:05:03:10 +0000] "GET /javascripts/jquery-2.1.4.js HTTP/1.1" 304 - "http://localhost:4001/" "Mozilla/5.0 (Macintosh; Intel Mac OS X 10_11_5) AppleWebKit/537.36 (KHTML, like Gecko) Chrome/51.0.2704.84 Safari/537.36"
::1 - - [14/Jun/2016:05:03:10 +0000] "GET /javascripts/bootstrap.min.js HTTP/1.1" 304 - "http://localhost:4001/" "Mozilla/5.0 (Macintosh; Intel Mac OS X 10_11_5) AppleWebKit/537.36 (KHTML, like Gecko) Chrome/51.0.2704.84 Safari/537.36"
::1 - - [14/Jun/2016:05:03:10 +0000] "GET /favicon.ico HTTP/1.1" 200 1610 "http://localhost:4001/" "Mozilla/5.0 (Macintosh; Intel Mac OS X 10_11_5) AppleWebKit/537.36 (KHTML, like Gecko) Chrome/51.0.2704.84 Safari/537.36"
::1 - - [14/Jun/2016:05:04:01 +0000] "GET / HTTP/1.1" 200 642 "-" "Mozilla/5.0 (Macintosh; Intel Mac OS X 10_11_5) AppleWebKit/537.36 (KHTML, like Gecko) Chrome/51.0.2704.84 Safari/537.36"
::1 - - [14/Jun/2016:05:04:01 +0000] "GET /stylesheets/style.css HTTP/1.1" 304 - "http://localhost:4001/" "Mozilla/5.0 (Macintosh; Intel Mac OS X 10_11_5) AppleWebKit/537.36 (KHTML, like Gecko) Chrome/51.0.2704.84 Safari/537.36"
::1 - - [14/Jun/2016:05:04:01 +0000] "GET /stylesheets/bootstrap.css HTTP/1.1" 304 - "http://localhost:4001/" "Mozilla/5.0 (Macintosh; Intel Mac OS X 10_11_5) AppleWebKit/537.36 (KHTML, like Gecko) Chrome/51.0.2704.84 Safari/537.36"
::1 - - [14/Jun/2016:05:04:01 +0000] "GET /javascripts/jquery-2.1.4.js HTTP/1.1" 304 - "http://localhost:4001/" "Mozilla/5.0 (Macintosh; Intel Mac OS X 10_11_5) AppleWebKit/537.36 (KHTML, like Gecko) Chrome/51.0.2704.84 Safari/537.36"
::1 - - [14/Jun/2016:05:04:01 +0000] "GET /javascripts/bootstrap.min.js HTTP/1.1" 304 - "http://localhost:4001/" "Mozilla/5.0 (Macintosh; Intel Mac OS X 10_11_5) AppleWebKit/537.36 (KHTML, like Gecko) Chrome/51.0.2704.84 Safari/537.36"
::1 - - [14/Jun/2016:05:04:01 +0000] "GET /favicon.ico HTTP/1.1" 200 1610 "http://localhost:4001/" "Mozilla/5.0 (Macintosh; Intel Mac OS X 10_11_5) AppleWebKit/537.36 (KHTML, like Gecko) Chrome/51.0.2704.84 Safari/537.36"
::1 - - [14/Jun/2016:05:04:02 +0000] "GET / HTTP/1.1" 304 - "-" "Mozilla/5.0 (Macintosh; Intel Mac OS X 10_11_5) AppleWebKit/537.36 (KHTML, like Gecko) Chrome/51.0.2704.84 Safari/537.36"
::1 - - [14/Jun/2016:05:04:02 +0000] "GET /stylesheets/style.css HTTP/1.1" 304 - "http://localhost:4001/" "Mozilla/5.0 (Macintosh; Intel Mac OS X 10_11_5) AppleWebKit/537.36 (KHTML, like Gecko) Chrome/51.0.2704.84 Safari/537.36"
::1 - - [14/Jun/2016:05:04:02 +0000] "GET /stylesheets/bootstrap.css HTTP/1.1" 304 - "http://localhost:4001/" "Mozilla/5.0 (Macintosh; Intel Mac OS X 10_11_5) AppleWebKit/537.36 (KHTML, like Gecko) Chrome/51.0.2704.84 Safari/537.36"
::1 - - [14/Jun/2016:05:04:02 +0000] "GET /javascripts/jquery-2.1.4.js HTTP/1.1" 304 - "http://localhost:4001/" "Mozilla/5.0 (Macintosh; Intel Mac OS X 10_11_5) AppleWebKit/537.36 (KHTML, like Gecko) Chrome/51.0.2704.84 Safari/537.36"
::1 - - [14/Jun/2016:05:04:02 +0000] "GET /javascripts/bootstrap.min.js HTTP/1.1" 304 - "http://localhost:4001/" "Mozilla/5.0 (Macintosh; Intel Mac OS X 10_11_5) AppleWebKit/537.36 (KHTML, like Gecko) Chrome/51.0.2704.84 Safari/537.36"
::1 - - [14/Jun/2016:05:04:02 +0000] "GET /favicon.ico HTTP/1.1" 200 1610 "http://localhost:4001/" "Mozilla/5.0 (Macintosh; Intel Mac OS X 10_11_5) AppleWebKit/537.36 (KHTML, like Gecko) Chrome/51.0.2704.84 Safari/537.36"
::1 - - [14/Jun/2016:05:04:02 +0000] "GET / HTTP/1.1" 304 - "-" "Mozilla/5.0 (Macintosh; Intel Mac OS X 10_11_5) AppleWebKit/537.36 (KHTML, like Gecko) Chrome/51.0.2704.84 Safari/537.36"
::1 - - [14/Jun/2016:05:04:02 +0000] "GET /stylesheets/style.css HTTP/1.1" 304 - "http://localhost:4001/" "Mozilla/5.0 (Macintosh; Intel Mac OS X 10_11_5) AppleWebKit/537.36 (KHTML, like Gecko) Chrome/51.0.2704.84 Safari/537.36"
::1 - - [14/Jun/2016:05:04:02 +0000] "GET /stylesheets/bootstrap.css HTTP/1.1" 304 - "http://localhost:4001/" "Mozilla/5.0 (Macintosh; Intel Mac OS X 10_11_5) AppleWebKit/537.36 (KHTML, like Gecko) Chrome/51.0.2704.84 Safari/537.36"
::1 - - [14/Jun/2016:05:04:02 +0000] "GET /javascripts/jquery-2.1.4.js HTTP/1.1" 304 - "http://localhost:4001/" "Mozilla/5.0 (Macintosh; Intel Mac OS X 10_11_5) AppleWebKit/537.36 (KHTML, like Gecko) Chrome/51.0.2704.84 Safari/537.36"
::1 - - [14/Jun/2016:05:04:02 +0000] "GET /javascripts/bootstrap.min.js HTTP/1.1" 304 - "http://localhost:4001/" "Mozilla/5.0 (Macintosh; Intel Mac OS X 10_11_5) AppleWebKit/537.36 (KHTML, like Gecko) Chrome/51.0.2704.84 Safari/537.36"
::1 - - [14/Jun/2016:05:04:02 +0000] "GET /favicon.ico HTTP/1.1" 200 1610 "http://localhost:4001/" "Mozilla/5.0 (Macintosh; Intel Mac OS X 10_11_5) AppleWebKit/537.36 (KHTML, like Gecko) Chrome/51.0.2704.84 Safari/537.36"
::1 - - [14/Jun/2016:05:04:02 +0000] "GET / HTTP/1.1" 304 - "-" "Mozilla/5.0 (Macintosh; Intel Mac OS X 10_11_5) AppleWebKit/537.36 (KHTML, like Gecko) Chrome/51.0.2704.84 Safari/537.36"
::1 - - [14/Jun/2016:05:04:02 +0000] "GET / HTTP/1.1" 200 642 "-" "Mozilla/5.0 (Macintosh; Intel Mac OS X 10_11_5) AppleWebKit/537.36 (KHTML, like Gecko) Chrome/51.0.2704.84 Safari/537.36"
::1 - - [14/Jun/2016:05:04:02 +0000] "GET / HTTP/1.1" 200 642 "-" "Mozilla/5.0 (Macintosh; Intel Mac OS X 10_11_5) AppleWebKit/537.36 (KHTML, like Gecko) Chrome/51.0.2704.84 Safari/537.36"
::1 - - [14/Jun/2016:05:04:02 +0000] "GET /stylesheets/style.css HTTP/1.1" 304 - "http://localhost:4001/" "Mozilla/5.0 (Macintosh; Intel Mac OS X 10_11_5) AppleWebKit/537.36 (KHTML, like Gecko) Chrome/51.0.2704.84 Safari/537.36"
::1 - - [14/Jun/2016:05:04:02 +0000] "GET /stylesheets/bootstrap.css HTTP/1.1" 304 - "http://localhost:4001/" "Mozilla/5.0 (Macintosh; Intel Mac OS X 10_11_5) AppleWebKit/537.36 (KHTML, like Gecko) Chrome/51.0.2704.84 Safari/537.36"
::1 - - [14/Jun/2016:05:04:02 +0000] "GET /javascripts/jquery-2.1.4.js HTTP/1.1" 304 - "http://localhost:4001/" "Mozilla/5.0 (Macintosh; Intel Mac OS X 10_11_5) AppleWebKit/537.36 (KHTML, like Gecko) Chrome/51.0.2704.84 Safari/537.36"
::1 - - [14/Jun/2016:05:04:02 +0000] "GET /javascripts/bootstrap.min.js HTTP/1.1" 304 - "http://localhost:4001/" "Mozilla/5.0 (Macintosh; Intel Mac OS X 10_11_5) AppleWebKit/537.36 (KHTML, like Gecko) Chrome/51.0.2704.84 Safari/537.36"
::1 - - [14/Jun/2016:05:04:02 +0000] "GET /favicon.ico HTTP/1.1" 200 1610 "http://localhost:4001/" "Mozilla/5.0 (Macintosh; Intel Mac OS X 10_11_5) AppleWebKit/537.36 (KHTML, like Gecko) Chrome/51.0.2704.84 Safari/537.36"
::1 - - [14/Jun/2016:05:04:30 +0000] "GET / HTTP/1.1" 304 - "-" "Mozilla/5.0 (Macintosh; Intel Mac OS X 10_11_5) AppleWebKit/537.36 (KHTML, like Gecko) Chrome/51.0.2704.84 Safari/537.36"
::1 - - [14/Jun/2016:05:04:30 +0000] "GET /stylesheets/style.css HTTP/1.1" 304 - "http://localhost:4001/" "Mozilla/5.0 (Macintosh; Intel Mac OS X 10_11_5) AppleWebKit/537.36 (KHTML, like Gecko) Chrome/51.0.2704.84 Safari/537.36"
::1 - - [14/Jun/2016:05:04:30 +0000] "GET /stylesheets/bootstrap.css HTTP/1.1" 304 - "http://localhost:4001/" "Mozilla/5.0 (Macintosh; Intel Mac OS X 10_11_5) AppleWebKit/537.36 (KHTML, like Gecko) Chrome/51.0.2704.84 Safari/537.36"
::1 - - [14/Jun/2016:05:04:30 +0000] "GET /javascripts/jquery-2.1.4.js HTTP/1.1" 304 - "http://localhost:4001/" "Mozilla/5.0 (Macintosh; Intel Mac OS X 10_11_5) AppleWebKit/537.36 (KHTML, like Gecko) Chrome/51.0.2704.84 Safari/537.36"
::1 - - [14/Jun/2016:05:04:30 +0000] "GET /javascripts/bootstrap.min.js HTTP/1.1" 304 - "http://localhost:4001/" "Mozilla/5.0 (Macintosh; Intel Mac OS X 10_11_5) AppleWebKit/537.36 (KHTML, like Gecko) Chrome/51.0.2704.84 Safari/537.36"
::1 - - [14/Jun/2016:05:04:30 +0000] "GET /favicon.ico HTTP/1.1" 200 1610 "http://localhost:4001/" "Mozilla/5.0 (Macintosh; Intel Mac OS X 10_11_5) AppleWebKit/537.36 (KHTML, like Gecko) Chrome/51.0.2704.84 Safari/537.36"
::1 - - [14/Jun/2016:05:04:37 +0000] "GET / HTTP/1.1" 304 - "-" "Mozilla/5.0 (Macintosh; Intel Mac OS X 10_11_5) AppleWebKit/537.36 (KHTML, like Gecko) Chrome/51.0.2704.84 Safari/537.36"
::1 - - [14/Jun/2016:05:04:37 +0000] "GET /stylesheets/style.css HTTP/1.1" 304 - "http://localhost:4001/" "Mozilla/5.0 (Macintosh; Intel Mac OS X 10_11_5) AppleWebKit/537.36 (KHTML, like Gecko) Chrome/51.0.2704.84 Safari/537.36"
::1 - - [14/Jun/2016:05:04:37 +0000] "GET /stylesheets/bootstrap.css HTTP/1.1" 304 - "http://localhost:4001/" "Mozilla/5.0 (Macintosh; Intel Mac OS X 10_11_5) AppleWebKit/537.36 (KHTML, like Gecko) Chrome/51.0.2704.84 Safari/537.36"
::1 - - [14/Jun/2016:05:04:37 +0000] "GET /javascripts/jquery-2.1.4.js HTTP/1.1" 304 - "http://localhost:4001/" "Mozilla/5.0 (Macintosh; Intel Mac OS X 10_11_5) AppleWebKit/537.36 (KHTML, like Gecko) Chrome/51.0.2704.84 Safari/537.36"
::1 - - [14/Jun/2016:05:04:37 +0000] "GET /javascripts/bootstrap.min.js HTTP/1.1" 304 - "http://localhost:4001/" "Mozilla/5.0 (Macintosh; Intel Mac OS X 10_11_5) AppleWebKit/537.36 (KHTML, like Gecko) Chrome/51.0.2704.84 Safari/537.36"
::1 - - [14/Jun/2016:05:04:37 +0000] "GET /favicon.ico HTTP/1.1" 200 1610 "http://localhost:4001/" "Mozilla/5.0 (Macintosh; Intel Mac OS X 10_11_5) AppleWebKit/537.36 (KHTML, like Gecko) Chrome/51.0.2704.84 Safari/537.36"
::1 - - [14/Jun/2016:05:04:38 +0000] "GET / HTTP/1.1" 304 - "-" "Mozilla/5.0 (Macintosh; Intel Mac OS X 10_11_5) AppleWebKit/537.36 (KHTML, like Gecko) Chrome/51.0.2704.84 Safari/537.36"
::1 - - [14/Jun/2016:05:04:38 +0000] "GET /stylesheets/style.css HTTP/1.1" 304 - "http://localhost:4001/" "Mozilla/5.0 (Macintosh; Intel Mac OS X 10_11_5) AppleWebKit/537.36 (KHTML, like Gecko) Chrome/51.0.2704.84 Safari/537.36"
::1 - - [14/Jun/2016:05:04:38 +0000] "GET /stylesheets/bootstrap.css HTTP/1.1" 304 - "http://localhost:4001/" "Mozilla/5.0 (Macintosh; Intel Mac OS X 10_11_5) AppleWebKit/537.36 (KHTML, like Gecko) Chrome/51.0.2704.84 Safari/537.36"
::1 - - [14/Jun/2016:05:04:38 +0000] "GET /javascripts/jquery-2.1.4.js HTTP/1.1" 304 - "http://localhost:4001/" "Mozilla/5.0 (Macintosh; Intel Mac OS X 10_11_5) AppleWebKit/537.36 (KHTML, like Gecko) Chrome/51.0.2704.84 Safari/537.36"
::1 - - [14/Jun/2016:05:04:38 +0000] "GET /javascripts/bootstrap.min.js HTTP/1.1" 304 - "http://localhost:4001/" "Mozilla/5.0 (Macintosh; Intel Mac OS X 10_11_5) AppleWebKit/537.36 (KHTML, like Gecko) Chrome/51.0.2704.84 Safari/537.36"
::1 - - [14/Jun/2016:05:04:38 +0000] "GET /favicon.ico HTTP/1.1" 200 1610 "http://localhost:4001/" "Mozilla/5.0 (Macintosh; Intel Mac OS X 10_11_5) AppleWebKit/537.36 (KHTML, like Gecko) Chrome/51.0.2704.84 Safari/537.36"
::1 - - [14/Jun/2016:05:04:39 +0000] "GET / HTTP/1.1" 304 - "-" "Mozilla/5.0 (Macintosh; Intel Mac OS X 10_11_5) AppleWebKit/537.36 (KHTML, like Gecko) Chrome/51.0.2704.84 Safari/537.36"
::1 - - [14/Jun/2016:05:04:39 +0000] "GET /stylesheets/style.css HTTP/1.1" 304 - "http://localhost:4001/" "Mozilla/5.0 (Macintosh; Intel Mac OS X 10_11_5) AppleWebKit/537.36 (KHTML, like Gecko) Chrome/51.0.2704.84 Safari/537.36"
::1 - - [14/Jun/2016:05:04:39 +0000] "GET /stylesheets/bootstrap.css HTTP/1.1" 304 - "http://localhost:4001/" "Mozilla/5.0 (Macintosh; Intel Mac OS X 10_11_5) AppleWebKit/537.36 (KHTML, like Gecko) Chrome/51.0.2704.84 Safari/537.36"
::1 - - [14/Jun/2016:05:04:39 +0000] "GET /javascripts/jquery-2.1.4.js HTTP/1.1" 304 - "http://localhost:4001/" "Mozilla/5.0 (Macintosh; Intel Mac OS X 10_11_5) AppleWebKit/537.36 (KHTML, like Gecko) Chrome/51.0.2704.84 Safari/537.36"
::1 - - [14/Jun/2016:05:04:39 +0000] "GET /javascripts/bootstrap.min.js HTTP/1.1" 304 - "http://localhost:4001/" "Mozilla/5.0 (Macintosh; Intel Mac OS X 10_11_5) AppleWebKit/537.36 (KHTML, like Gecko) Chrome/51.0.2704.84 Safari/537.36"
::1 - - [14/Jun/2016:05:04:39 +0000] "GET /favicon.ico HTTP/1.1" 200 1610 "http://localhost:4001/" "Mozilla/5.0 (Macintosh; Intel Mac OS X 10_11_5) AppleWebKit/537.36 (KHTML, like Gecko) Chrome/51.0.2704.84 Safari/537.36"
::1 - - [14/Jun/2016:05:04:48 +0000] "GET / HTTP/1.1" 200 648 "-" "Mozilla/5.0 (Macintosh; Intel Mac OS X 10_11_5) AppleWebKit/537.36 (KHTML, like Gecko) Chrome/51.0.2704.84 Safari/537.36"
::1 - - [14/Jun/2016:05:04:48 +0000] "GET /stylesheets/style.css HTTP/1.1" 304 - "http://localhost:4001/" "Mozilla/5.0 (Macintosh; Intel Mac OS X 10_11_5) AppleWebKit/537.36 (KHTML, like Gecko) Chrome/51.0.2704.84 Safari/537.36"
::1 - - [14/Jun/2016:05:04:48 +0000] "GET /stylesheets/bootstrap.css HTTP/1.1" 304 - "http://localhost:4001/" "Mozilla/5.0 (Macintosh; Intel Mac OS X 10_11_5) AppleWebKit/537.36 (KHTML, like Gecko) Chrome/51.0.2704.84 Safari/537.36"
::1 - - [14/Jun/2016:05:04:48 +0000] "GET /javascripts/jquery-2.1.4.js HTTP/1.1" 304 - "http://localhost:4001/" "Mozilla/5.0 (Macintosh; Intel Mac OS X 10_11_5) AppleWebKit/537.36 (KHTML, like Gecko) Chrome/51.0.2704.84 Safari/537.36"
::1 - - [14/Jun/2016:05:04:48 +0000] "GET /javascripts/bootstrap.min.js HTTP/1.1" 304 - "http://localhost:4001/" "Mozilla/5.0 (Macintosh; Intel Mac OS X 10_11_5) AppleWebKit/537.36 (KHTML, like Gecko) Chrome/51.0.2704.84 Safari/537.36"
::1 - - [14/Jun/2016:05:04:48 +0000] "GET /favicon.ico HTTP/1.1" 200 1610 "http://localhost:4001/" "Mozilla/5.0 (Macintosh; Intel Mac OS X 10_11_5) AppleWebKit/537.36 (KHTML, like Gecko) Chrome/51.0.2704.84 Safari/537.36"
::1 - - [14/Jun/2016:05:04:56 +0000] "GET / HTTP/1.1" 200 642 "-" "Mozilla/5.0 (Macintosh; Intel Mac OS X 10_11_5) AppleWebKit/537.36 (KHTML, like Gecko) Chrome/51.0.2704.84 Safari/537.36"
::1 - - [14/Jun/2016:05:04:56 +0000] "GET /stylesheets/style.css HTTP/1.1" 304 - "http://localhost:4001/" "Mozilla/5.0 (Macintosh; Intel Mac OS X 10_11_5) AppleWebKit/537.36 (KHTML, like Gecko) Chrome/51.0.2704.84 Safari/537.36"
::1 - - [14/Jun/2016:05:04:56 +0000] "GET /stylesheets/bootstrap.css HTTP/1.1" 304 - "http://localhost:4001/" "Mozilla/5.0 (Macintosh; Intel Mac OS X 10_11_5) AppleWebKit/537.36 (KHTML, like Gecko) Chrome/51.0.2704.84 Safari/537.36"
::1 - - [14/Jun/2016:05:04:56 +0000] "GET /javascripts/jquery-2.1.4.js HTTP/1.1" 304 - "http://localhost:4001/" "Mozilla/5.0 (Macintosh; Intel Mac OS X 10_11_5) AppleWebKit/537.36 (KHTML, like Gecko) Chrome/51.0.2704.84 Safari/537.36"
::1 - - [14/Jun/2016:05:04:56 +0000] "GET /javascripts/bootstrap.min.js HTTP/1.1" 304 - "http://localhost:4001/" "Mozilla/5.0 (Macintosh; Intel Mac OS X 10_11_5) AppleWebKit/537.36 (KHTML, like Gecko) Chrome/51.0.2704.84 Safari/537.36"
::1 - - [14/Jun/2016:05:04:56 +0000] "GET /favicon.ico HTTP/1.1" 200 1610 "http://localhost:4001/" "Mozilla/5.0 (Macintosh; Intel Mac OS X 10_11_5) AppleWebKit/537.36 (KHTML, like Gecko) Chrome/51.0.2704.84 Safari/537.36"
::1 - - [14/Jun/2016:05:47:45 +0000] "GET / HTTP/1.1" 200 642 "-" "Mozilla/5.0 (Macintosh; Intel Mac OS X 10_11_5) AppleWebKit/537.36 (KHTML, like Gecko) Chrome/51.0.2704.84 Safari/537.36"
::1 - - [14/Jun/2016:05:47:45 +0000] "GET /stylesheets/style.css HTTP/1.1" 200 111 "http://localhost:4009/" "Mozilla/5.0 (Macintosh; Intel Mac OS X 10_11_5) AppleWebKit/537.36 (KHTML, like Gecko) Chrome/51.0.2704.84 Safari/537.36"
::1 - - [14/Jun/2016:05:47:45 +0000] "GET /stylesheets/bootstrap.css HTTP/1.1" 200 127343 "http://localhost:4009/" "Mozilla/5.0 (Macintosh; Intel Mac OS X 10_11_5) AppleWebKit/537.36 (KHTML, like Gecko) Chrome/51.0.2704.84 Safari/537.36"
::1 - - [14/Jun/2016:05:47:45 +0000] "GET /javascripts/bootstrap.min.js HTTP/1.1" 200 28631 "http://localhost:4009/" "Mozilla/5.0 (Macintosh; Intel Mac OS X 10_11_5) AppleWebKit/537.36 (KHTML, like Gecko) Chrome/51.0.2704.84 Safari/537.36"
::1 - - [14/Jun/2016:05:47:45 +0000] "GET /javascripts/jquery-2.1.4.js HTTP/1.1" 200 247597 "http://localhost:4009/" "Mozilla/5.0 (Macintosh; Intel Mac OS X 10_11_5) AppleWebKit/537.36 (KHTML, like Gecko) Chrome/51.0.2704.84 Safari/537.36"
::1 - - [14/Jun/2016:05:47:45 +0000] "GET /favicon.ico HTTP/1.1" 200 1610 "http://localhost:4009/" "Mozilla/5.0 (Macintosh; Intel Mac OS X 10_11_5) AppleWebKit/537.36 (KHTML, like Gecko) Chrome/51.0.2704.84 Safari/537.36"
::1 - - [14/Jun/2016:05:48:17 +0000] "GET / HTTP/1.1" 304 - "-" "Mozilla/5.0 (Macintosh; Intel Mac OS X 10_11_5) AppleWebKit/537.36 (KHTML, like Gecko) Chrome/51.0.2704.84 Safari/537.36"
::1 - - [14/Jun/2016:05:48:17 +0000] "GET /stylesheets/style.css HTTP/1.1" 304 - "http://localhost:4009/" "Mozilla/5.0 (Macintosh; Intel Mac OS X 10_11_5) AppleWebKit/537.36 (KHTML, like Gecko) Chrome/51.0.2704.84 Safari/537.36"
::1 - - [14/Jun/2016:05:48:17 +0000] "GET /stylesheets/bootstrap.css HTTP/1.1" 304 - "http://localhost:4009/" "Mozilla/5.0 (Macintosh; Intel Mac OS X 10_11_5) AppleWebKit/537.36 (KHTML, like Gecko) Chrome/51.0.2704.84 Safari/537.36"
::1 - - [14/Jun/2016:05:48:17 +0000] "GET /javascripts/jquery-2.1.4.js HTTP/1.1" 304 - "http://localhost:4009/" "Mozilla/5.0 (Macintosh; Intel Mac OS X 10_11_5) AppleWebKit/537.36 (KHTML, like Gecko) Chrome/51.0.2704.84 Safari/537.36"
::1 - - [14/Jun/2016:05:48:17 +0000] "GET /javascripts/bootstrap.min.js HTTP/1.1" 304 - "http://localhost:4009/" "Mozilla/5.0 (Macintosh; Intel Mac OS X 10_11_5) AppleWebKit/537.36 (KHTML, like Gecko) Chrome/51.0.2704.84 Safari/537.36"
::1 - - [14/Jun/2016:05:48:49 +0000] "GET / HTTP/1.1" 304 - "-" "Mozilla/5.0 (Macintosh; Intel Mac OS X 10_11_5) AppleWebKit/537.36 (KHTML, like Gecko) Chrome/51.0.2704.84 Safari/537.36"
::1 - - [14/Jun/2016:05:48:49 +0000] "GET /stylesheets/style.css HTTP/1.1" 304 - "http://localhost:4009/" "Mozilla/5.0 (Macintosh; Intel Mac OS X 10_11_5) AppleWebKit/537.36 (KHTML, like Gecko) Chrome/51.0.2704.84 Safari/537.36"
::1 - - [14/Jun/2016:05:48:49 +0000] "GET /stylesheets/bootstrap.css HTTP/1.1" 304 - "http://localhost:4009/" "Mozilla/5.0 (Macintosh; Intel Mac OS X 10_11_5) AppleWebKit/537.36 (KHTML, like Gecko) Chrome/51.0.2704.84 Safari/537.36"
::1 - - [14/Jun/2016:05:48:49 +0000] "GET /javascripts/jquery-2.1.4.js HTTP/1.1" 304 - "http://localhost:4009/" "Mozilla/5.0 (Macintosh; Intel Mac OS X 10_11_5) AppleWebKit/537.36 (KHTML, like Gecko) Chrome/51.0.2704.84 Safari/537.36"
::1 - - [14/Jun/2016:05:48:49 +0000] "GET /javascripts/bootstrap.min.js HTTP/1.1" 304 - "http://localhost:4009/" "Mozilla/5.0 (Macintosh; Intel Mac OS X 10_11_5) AppleWebKit/537.36 (KHTML, like Gecko) Chrome/51.0.2704.84 Safari/537.36"
::1 - - [14/Jun/2016:05:48:49 +0000] "GET /favicon.ico HTTP/1.1" 200 1610 "http://localhost:4009/" "Mozilla/5.0 (Macintosh; Intel Mac OS X 10_11_5) AppleWebKit/537.36 (KHTML, like Gecko) Chrome/51.0.2704.84 Safari/537.36"
::1 - - [14/Jun/2016:05:48:51 +0000] "GET / HTTP/1.1" 304 - "-" "Mozilla/5.0 (Macintosh; Intel Mac OS X 10_11_5) AppleWebKit/537.36 (KHTML, like Gecko) Chrome/51.0.2704.84 Safari/537.36"
::1 - - [14/Jun/2016:05:48:51 +0000] "GET /stylesheets/style.css HTTP/1.1" 304 - "http://localhost:4009/" "Mozilla/5.0 (Macintosh; Intel Mac OS X 10_11_5) AppleWebKit/537.36 (KHTML, like Gecko) Chrome/51.0.2704.84 Safari/537.36"
::1 - - [14/Jun/2016:05:48:51 +0000] "GET /stylesheets/bootstrap.css HTTP/1.1" 304 - "http://localhost:4009/" "Mozilla/5.0 (Macintosh; Intel Mac OS X 10_11_5) AppleWebKit/537.36 (KHTML, like Gecko) Chrome/51.0.2704.84 Safari/537.36"
::1 - - [14/Jun/2016:05:48:51 +0000] "GET /javascripts/jquery-2.1.4.js HTTP/1.1" 304 - "http://localhost:4009/" "Mozilla/5.0 (Macintosh; Intel Mac OS X 10_11_5) AppleWebKit/537.36 (KHTML, like Gecko) Chrome/51.0.2704.84 Safari/537.36"
::1 - - [14/Jun/2016:05:48:51 +0000] "GET /javascripts/bootstrap.min.js HTTP/1.1" 304 - "http://localhost:4009/" "Mozilla/5.0 (Macintosh; Intel Mac OS X 10_11_5) AppleWebKit/537.36 (KHTML, like Gecko) Chrome/51.0.2704.84 Safari/537.36"
::1 - - [14/Jun/2016:05:48:52 +0000] "GET /favicon.ico HTTP/1.1" 200 1610 "http://localhost:4009/" "Mozilla/5.0 (Macintosh; Intel Mac OS X 10_11_5) AppleWebKit/537.36 (KHTML, like Gecko) Chrome/51.0.2704.84 Safari/537.36"
::1 - - [14/Jun/2016:05:49:52 +0000] "GET / HTTP/1.1" 200 642 "-" "Mozilla/5.0 (Macintosh; Intel Mac OS X 10_11_5) AppleWebKit/537.36 (KHTML, like Gecko) Chrome/51.0.2704.84 Safari/537.36"
::1 - - [14/Jun/2016:05:49:52 +0000] "GET /stylesheets/style.css HTTP/1.1" 200 111 "http://localhost:9999/" "Mozilla/5.0 (Macintosh; Intel Mac OS X 10_11_5) AppleWebKit/537.36 (KHTML, like Gecko) Chrome/51.0.2704.84 Safari/537.36"
::1 - - [14/Jun/2016:05:49:52 +0000] "GET /javascripts/bootstrap.min.js HTTP/1.1" 200 28631 "http://localhost:9999/" "Mozilla/5.0 (Macintosh; Intel Mac OS X 10_11_5) AppleWebKit/537.36 (KHTML, like Gecko) Chrome/51.0.2704.84 Safari/537.36"
::1 - - [14/Jun/2016:05:49:52 +0000] "GET /stylesheets/bootstrap.css HTTP/1.1" 200 127343 "http://localhost:9999/" "Mozilla/5.0 (Macintosh; Intel Mac OS X 10_11_5) AppleWebKit/537.36 (KHTML, like Gecko) Chrome/51.0.2704.84 Safari/537.36"
::1 - - [14/Jun/2016:05:49:52 +0000] "GET /javascripts/jquery-2.1.4.js HTTP/1.1" 200 247597 "http://localhost:9999/" "Mozilla/5.0 (Macintosh; Intel Mac OS X 10_11_5) AppleWebKit/537.36 (KHTML, like Gecko) Chrome/51.0.2704.84 Safari/537.36"
::1 - - [14/Jun/2016:05:49:52 +0000] "GET /favicon.ico HTTP/1.1" 200 1610 "http://localhost:9999/" "Mozilla/5.0 (Macintosh; Intel Mac OS X 10_11_5) AppleWebKit/537.36 (KHTML, like Gecko) Chrome/51.0.2704.84 Safari/537.36"
::1 - - [14/Jun/2016:06:23:37 +0000] "GET / HTTP/1.1" 200 642 "-" "Mozilla/5.0 (Macintosh; Intel Mac OS X 10_11_5) AppleWebKit/537.36 (KHTML, like Gecko) Chrome/51.0.2704.84 Safari/537.36"
::1 - - [14/Jun/2016:06:23:37 +0000] "GET /stylesheets/style.css HTTP/1.1" 200 111 "http://localhost:4999/" "Mozilla/5.0 (Macintosh; Intel Mac OS X 10_11_5) AppleWebKit/537.36 (KHTML, like Gecko) Chrome/51.0.2704.84 Safari/537.36"
::1 - - [14/Jun/2016:06:23:37 +0000] "GET /javascripts/bootstrap.min.js HTTP/1.1" 200 28631 "http://localhost:4999/" "Mozilla/5.0 (Macintosh; Intel Mac OS X 10_11_5) AppleWebKit/537.36 (KHTML, like Gecko) Chrome/51.0.2704.84 Safari/537.36"
::1 - - [14/Jun/2016:06:23:37 +0000] "GET /stylesheets/bootstrap.css HTTP/1.1" 200 127343 "http://localhost:4999/" "Mozilla/5.0 (Macintosh; Intel Mac OS X 10_11_5) AppleWebKit/537.36 (KHTML, like Gecko) Chrome/51.0.2704.84 Safari/537.36"
::1 - - [14/Jun/2016:06:23:37 +0000] "GET /javascripts/jquery-2.1.4.js HTTP/1.1" 200 247597 "http://localhost:4999/" "Mozilla/5.0 (Macintosh; Intel Mac OS X 10_11_5) AppleWebKit/537.36 (KHTML, like Gecko) Chrome/51.0.2704.84 Safari/537.36"
::1 - - [14/Jun/2016:06:23:37 +0000] "GET /favicon.ico HTTP/1.1" 200 1610 "http://localhost:4999/" "Mozilla/5.0 (Macintosh; Intel Mac OS X 10_11_5) AppleWebKit/537.36 (KHTML, like Gecko) Chrome/51.0.2704.84 Safari/537.36"
::1 - - [14/Jun/2016:06:23:41 +0000] "GET / HTTP/1.1" 304 - "-" "Mozilla/5.0 (Macintosh; Intel Mac OS X 10_11_5) AppleWebKit/537.36 (KHTML, like Gecko) Chrome/51.0.2704.84 Safari/537.36"
::1 - - [14/Jun/2016:06:23:41 +0000] "GET /stylesheets/style.css HTTP/1.1" 304 - "http://localhost:4999/" "Mozilla/5.0 (Macintosh; Intel Mac OS X 10_11_5) AppleWebKit/537.36 (KHTML, like Gecko) Chrome/51.0.2704.84 Safari/537.36"
::1 - - [14/Jun/2016:06:23:41 +0000] "GET /stylesheets/bootstrap.css HTTP/1.1" 304 - "http://localhost:4999/" "Mozilla/5.0 (Macintosh; Intel Mac OS X 10_11_5) AppleWebKit/537.36 (KHTML, like Gecko) Chrome/51.0.2704.84 Safari/537.36"
::1 - - [14/Jun/2016:06:23:41 +0000] "GET /javascripts/jquery-2.1.4.js HTTP/1.1" 304 - "http://localhost:4999/" "Mozilla/5.0 (Macintosh; Intel Mac OS X 10_11_5) AppleWebKit/537.36 (KHTML, like Gecko) Chrome/51.0.2704.84 Safari/537.36"
::1 - - [14/Jun/2016:06:23:41 +0000] "GET /javascripts/bootstrap.min.js HTTP/1.1" 304 - "http://localhost:4999/" "Mozilla/5.0 (Macintosh; Intel Mac OS X 10_11_5) AppleWebKit/537.36 (KHTML, like Gecko) Chrome/51.0.2704.84 Safari/537.36"
::1 - - [14/Jun/2016:06:23:41 +0000] "GET /favicon.ico HTTP/1.1" 200 1610 "http://localhost:4999/" "Mozilla/5.0 (Macintosh; Intel Mac OS X 10_11_5) AppleWebKit/537.36 (KHTML, like Gecko) Chrome/51.0.2704.84 Safari/537.36"
::1 - - [14/Jun/2016:06:24:17 +0000] "GET / HTTP/1.1" 304 - "-" "Mozilla/5.0 (Macintosh; Intel Mac OS X 10_11_5) AppleWebKit/537.36 (KHTML, like Gecko) Chrome/51.0.2704.84 Safari/537.36"
::1 - - [14/Jun/2016:06:24:17 +0000] "GET /stylesheets/style.css HTTP/1.1" 304 - "http://localhost:4999/" "Mozilla/5.0 (Macintosh; Intel Mac OS X 10_11_5) AppleWebKit/537.36 (KHTML, like Gecko) Chrome/51.0.2704.84 Safari/537.36"
::1 - - [14/Jun/2016:06:24:17 +0000] "GET /stylesheets/bootstrap.css HTTP/1.1" 304 - "http://localhost:4999/" "Mozilla/5.0 (Macintosh; Intel Mac OS X 10_11_5) AppleWebKit/537.36 (KHTML, like Gecko) Chrome/51.0.2704.84 Safari/537.36"
::1 - - [14/Jun/2016:06:24:17 +0000] "GET /javascripts/jquery-2.1.4.js HTTP/1.1" 304 - "http://localhost:4999/" "Mozilla/5.0 (Macintosh; Intel Mac OS X 10_11_5) AppleWebKit/537.36 (KHTML, like Gecko) Chrome/51.0.2704.84 Safari/537.36"
::1 - - [14/Jun/2016:06:24:17 +0000] "GET /javascripts/bootstrap.min.js HTTP/1.1" 304 - "http://localhost:4999/" "Mozilla/5.0 (Macintosh; Intel Mac OS X 10_11_5) AppleWebKit/537.36 (KHTML, like Gecko) Chrome/51.0.2704.84 Safari/537.36"
::1 - - [14/Jun/2016:06:24:17 +0000] "GET /favicon.ico HTTP/1.1" 200 1610 "http://localhost:4999/" "Mozilla/5.0 (Macintosh; Intel Mac OS X 10_11_5) AppleWebKit/537.36 (KHTML, like Gecko) Chrome/51.0.2704.84 Safari/537.36"
::1 - - [14/Jun/2016:06:24:29 +0000] "GET / HTTP/1.1" 304 - "-" "Mozilla/5.0 (Macintosh; Intel Mac OS X 10_11_5) AppleWebKit/537.36 (KHTML, like Gecko) Chrome/51.0.2704.84 Safari/537.36"
::1 - - [14/Jun/2016:06:24:29 +0000] "GET /stylesheets/style.css HTTP/1.1" 304 - "http://localhost:4999/" "Mozilla/5.0 (Macintosh; Intel Mac OS X 10_11_5) AppleWebKit/537.36 (KHTML, like Gecko) Chrome/51.0.2704.84 Safari/537.36"
::1 - - [14/Jun/2016:06:24:29 +0000] "GET /stylesheets/bootstrap.css HTTP/1.1" 304 - "http://localhost:4999/" "Mozilla/5.0 (Macintosh; Intel Mac OS X 10_11_5) AppleWebKit/537.36 (KHTML, like Gecko) Chrome/51.0.2704.84 Safari/537.36"
::1 - - [14/Jun/2016:06:24:29 +0000] "GET /javascripts/jquery-2.1.4.js HTTP/1.1" 304 - "http://localhost:4999/" "Mozilla/5.0 (Macintosh; Intel Mac OS X 10_11_5) AppleWebKit/537.36 (KHTML, like Gecko) Chrome/51.0.2704.84 Safari/537.36"
::1 - - [14/Jun/2016:06:24:29 +0000] "GET /javascripts/bootstrap.min.js HTTP/1.1" 304 - "http://localhost:4999/" "Mozilla/5.0 (Macintosh; Intel Mac OS X 10_11_5) AppleWebKit/537.36 (KHTML, like Gecko) Chrome/51.0.2704.84 Safari/537.36"
::1 - - [14/Jun/2016:06:24:29 +0000] "GET /favicon.ico HTTP/1.1" 200 1610 "http://localhost:4999/" "Mozilla/5.0 (Macintosh; Intel Mac OS X 10_11_5) AppleWebKit/537.36 (KHTML, like Gecko) Chrome/51.0.2704.84 Safari/537.36"
::1 - - [14/Jun/2016:06:39:47 +0000] "GET /shared/less/public/common.css HTTP/1.1" 500 1446 "http://localhost:40000/docs" "Mozilla/5.0 (Macintosh; Intel Mac OS X 10_11_5) AppleWebKit/537.36 (KHTML, like Gecko) Chrome/51.0.2704.84 Safari/537.36"
::1 - - [14/Jun/2016:06:39:47 +0000] "GET /public/vendors/esshim/es5-shim.min.js HTTP/1.1" 500 1446 "http://localhost:40000/docs" "Mozilla/5.0 (Macintosh; Intel Mac OS X 10_11_5) AppleWebKit/537.36 (KHTML, like Gecko) Chrome/51.0.2704.84 Safari/537.36"
::1 - - [14/Jun/2016:06:39:47 +0000] "GET /public/vendors/jquery/jquery.min.js HTTP/1.1" 500 1446 "http://localhost:40000/docs" "Mozilla/5.0 (Macintosh; Intel Mac OS X 10_11_5) AppleWebKit/537.36 (KHTML, like Gecko) Chrome/51.0.2704.84 Safari/537.36"
::1 - - [14/Jun/2016:06:42:41 +0000] "GET /shared/less/public/common.css HTTP/1.1" 500 1446 "http://localhost:40000/docs" "Mozilla/5.0 (Macintosh; Intel Mac OS X 10_11_5) AppleWebKit/537.36 (KHTML, like Gecko) Chrome/51.0.2704.84 Safari/537.36"
::1 - - [14/Jun/2016:06:42:41 +0000] "GET /public/vendors/esshim/es5-shim.min.js HTTP/1.1" 500 1446 "http://localhost:40000/docs" "Mozilla/5.0 (Macintosh; Intel Mac OS X 10_11_5) AppleWebKit/537.36 (KHTML, like Gecko) Chrome/51.0.2704.84 Safari/537.36"
::1 - - [14/Jun/2016:06:42:41 +0000] "GET /public/vendors/jquery/jquery.min.js HTTP/1.1" 500 1446 "http://localhost:40000/docs" "Mozilla/5.0 (Macintosh; Intel Mac OS X 10_11_5) AppleWebKit/537.36 (KHTML, like Gecko) Chrome/51.0.2704.84 Safari/537.36"
::1 - - [14/Jun/2016:08:35:09 +0000] "GET /shared/less/public/common.css HTTP/1.1" 500 1446 "http://localhost:40000/docs" "Mozilla/5.0 (Macintosh; Intel Mac OS X 10_11_5) AppleWebKit/537.36 (KHTML, like Gecko) Chrome/51.0.2704.84 Safari/537.36"
::1 - - [14/Jun/2016:08:36:09 +0000] "GET /shared/less/public/common.css HTTP/1.1" 500 1446 "http://localhost:40000/docs" "Mozilla/5.0 (iPhone; CPU iPhone OS 9_1 like Mac OS X) AppleWebKit/601.1.46 (KHTML, like Gecko) Version/9.0 Mobile/13B143 Safari/601.1"
::1 - - [14/Jun/2016:08:36:09 +0000] "GET /public/vendors/esshim/es5-shim.min.js HTTP/1.1" 500 1446 "http://localhost:40000/docs" "Mozilla/5.0 (iPhone; CPU iPhone OS 9_1 like Mac OS X) AppleWebKit/601.1.46 (KHTML, like Gecko) Version/9.0 Mobile/13B143 Safari/601.1"
::1 - - [14/Jun/2016:08:36:09 +0000] "GET /public/vendors/jquery/jquery.min.js HTTP/1.1" 500 1446 "http://localhost:40000/docs" "Mozilla/5.0 (iPhone; CPU iPhone OS 9_1 like Mac OS X) AppleWebKit/601.1.46 (KHTML, like Gecko) Version/9.0 Mobile/13B143 Safari/601.1"
::1 - - [14/Jun/2016:08:40:11 +0000] "GET /shared/less/public/common.css HTTP/1.1" 500 1446 "http://localhost:40000/docs" "Mozilla/5.0 (iPhone; CPU iPhone OS 9_1 like Mac OS X) AppleWebKit/601.1.46 (KHTML, like Gecko) Version/9.0 Mobile/13B143 Safari/601.1"
::1 - - [14/Jun/2016:08:40:11 +0000] "GET /public/vendors/esshim/es5-shim.min.js HTTP/1.1" 500 1446 "http://localhost:40000/docs" "Mozilla/5.0 (iPhone; CPU iPhone OS 9_1 like Mac OS X) AppleWebKit/601.1.46 (KHTML, like Gecko) Version/9.0 Mobile/13B143 Safari/601.1"
::1 - - [14/Jun/2016:08:40:11 +0000] "GET /public/vendors/jquery/jquery.min.js HTTP/1.1" 500 1446 "http://localhost:40000/docs" "Mozilla/5.0 (iPhone; CPU iPhone OS 9_1 like Mac OS X) AppleWebKit/601.1.46 (KHTML, like Gecko) Version/9.0 Mobile/13B143 Safari/601.1"
::1 - - [14/Jun/2016:08:40:11 +0000] "GET /public/vendors/jquery/jquery.min.js HTTP/1.1" 500 1446 "http://localhost:40000/docs" "Mozilla/5.0 (iPhone; CPU iPhone OS 9_1 like Mac OS X) AppleWebKit/601.1.46 (KHTML, like Gecko) Version/9.0 Mobile/13B143 Safari/601.1"
::1 - - [14/Jun/2016:08:44:00 +0000] "GET /shared/less/public/common.css HTTP/1.1" 500 1446 "http://localhost:40000/docs" "Mozilla/5.0 (iPhone; CPU iPhone OS 9_1 like Mac OS X) AppleWebKit/601.1.46 (KHTML, like Gecko) Version/9.0 Mobile/13B143 Safari/601.1"
::1 - - [14/Jun/2016:08:44:00 +0000] "GET /public/vendors/esshim/es5-shim.min.js HTTP/1.1" 500 1446 "http://localhost:40000/docs" "Mozilla/5.0 (iPhone; CPU iPhone OS 9_1 like Mac OS X) AppleWebKit/601.1.46 (KHTML, like Gecko) Version/9.0 Mobile/13B143 Safari/601.1"
::1 - - [14/Jun/2016:08:44:00 +0000] "GET /public/vendors/jquery/jquery.min.js HTTP/1.1" 500 1446 "http://localhost:40000/docs" "Mozilla/5.0 (iPhone; CPU iPhone OS 9_1 like Mac OS X) AppleWebKit/601.1.46 (KHTML, like Gecko) Version/9.0 Mobile/13B143 Safari/601.1"
::1 - - [14/Jun/2016:08:44:00 +0000] "GET /public/vendors/jquery/jquery.min.js HTTP/1.1" 500 1446 "http://localhost:40000/docs" "Mozilla/5.0 (iPhone; CPU iPhone OS 9_1 like Mac OS X) AppleWebKit/601.1.46 (KHTML, like Gecko) Version/9.0 Mobile/13B143 Safari/601.1"
::1 - - [14/Jun/2016:08:44:02 +0000] "GET /shared/less/public/common.css HTTP/1.1" 500 1446 "http://localhost:40000/docs" "Mozilla/5.0 (iPhone; CPU iPhone OS 9_1 like Mac OS X) AppleWebKit/601.1.46 (KHTML, like Gecko) Version/9.0 Mobile/13B143 Safari/601.1"
::1 - - [14/Jun/2016:08:44:02 +0000] "GET /public/vendors/esshim/es5-shim.min.js HTTP/1.1" 500 1446 "http://localhost:40000/docs" "Mozilla/5.0 (iPhone; CPU iPhone OS 9_1 like Mac OS X) AppleWebKit/601.1.46 (KHTML, like Gecko) Version/9.0 Mobile/13B143 Safari/601.1"
::1 - - [14/Jun/2016:08:44:02 +0000] "GET /public/vendors/jquery/jquery.min.js HTTP/1.1" 500 1446 "http://localhost:40000/docs" "Mozilla/5.0 (iPhone; CPU iPhone OS 9_1 like Mac OS X) AppleWebKit/601.1.46 (KHTML, like Gecko) Version/9.0 Mobile/13B143 Safari/601.1"
::1 - - [14/Jun/2016:08:46:22 +0000] "GET /shared/less/public/common.css HTTP/1.1" 500 1446 "http://127.0.0.1:4002/docs" "Mozilla/5.0 (iPhone; CPU iPhone OS 9_1 like Mac OS X) AppleWebKit/601.1.46 (KHTML, like Gecko) Version/9.0 Mobile/13B143 Safari/601.1"
::1 - - [14/Jun/2016:08:46:22 +0000] "GET /public/vendors/esshim/es5-shim.min.js HTTP/1.1" 500 1446 "http://127.0.0.1:4002/docs" "Mozilla/5.0 (iPhone; CPU iPhone OS 9_1 like Mac OS X) AppleWebKit/601.1.46 (KHTML, like Gecko) Version/9.0 Mobile/13B143 Safari/601.1"
::1 - - [14/Jun/2016:08:46:22 +0000] "GET /public/vendors/jquery/jquery.min.js HTTP/1.1" 500 1446 "http://127.0.0.1:4002/docs" "Mozilla/5.0 (iPhone; CPU iPhone OS 9_1 like Mac OS X) AppleWebKit/601.1.46 (KHTML, like Gecko) Version/9.0 Mobile/13B143 Safari/601.1"
